c:\users\junhy\desktop\graphicsinc\sdl3dgraphics\myproject\debug\vc143.pdb
c:\users\junhy\desktop\graphicsinc\sdl3dgraphics\myproject\debug\vc143.idb
c:\users\junhy\desktop\graphicsinc\sdl3dgraphics\myproject\debug\vector.obj
c:\users\junhy\desktop\graphicsinc\sdl3dgraphics\myproject\debug\upng.obj
c:\users\junhy\desktop\graphicsinc\sdl3dgraphics\myproject\debug\triangle.obj
c:\users\junhy\desktop\graphicsinc\sdl3dgraphics\myproject\debug\texture.obj
c:\users\junhy\desktop\graphicsinc\sdl3dgraphics\myproject\debug\mesh.obj
c:\users\junhy\desktop\graphicsinc\sdl3dgraphics\myproject\debug\matrix.obj
c:\users\junhy\desktop\graphicsinc\sdl3dgraphics\myproject\debug\main.obj
c:\users\junhy\desktop\graphicsinc\sdl3dgraphics\myproject\debug\light.obj
c:\users\junhy\desktop\graphicsinc\sdl3dgraphics\myproject\debug\display.obj
c:\users\junhy\desktop\graphicsinc\sdl3dgraphics\myproject\debug\camera.obj
c:\users\junhy\desktop\graphicsinc\sdl3dgraphics\myproject\debug\array.obj
c:\users\junhy\desktop\graphicsinc\sdl3dgraphics\debug\myproject.exe
c:\users\junhy\desktop\graphicsinc\sdl3dgraphics\myproject\debug\myproject.ilk
c:\users\junhy\desktop\graphicsinc\sdl3dgraphics\debug\myproject.pdb
c:\users\junhy\desktop\graphicsinc\sdl3dgraphics\myproject\debug\myproject.tlog\cl.command.1.tlog
c:\users\junhy\desktop\graphicsinc\sdl3dgraphics\myproject\debug\myproject.tlog\cl.read.1.tlog
c:\users\junhy\desktop\graphicsinc\sdl3dgraphics\myproject\debug\myproject.tlog\cl.write.1.tlog
c:\users\junhy\desktop\graphicsinc\sdl3dgraphics\myproject\debug\myproject.tlog\link.command.1.tlog
c:\users\junhy\desktop\graphicsinc\sdl3dgraphics\myproject\debug\myproject.tlog\link.read.1.tlog
c:\users\junhy\desktop\graphicsinc\sdl3dgraphics\myproject\debug\myproject.tlog\link.write.1.tlog
